INFO  started: Metals version 0.8.0 in workspace '/run/media/tharwat-manjaro/Linux-Data/Labs'
INFO  time: initialize in 0.31s
WARN  no build tool detected in workspace '/run/media/tharwat-manjaro/Linux-Data/Labs'. The most common cause for this problem is that the editor was opened in the wrong working directory, for example if you use sbt then the workspace directory should contain build.sbt. 
WARN  no build target for: /run/media/tharwat-manjaro/Linux-Data/Labs/Labs/Scala/lab2/funset/src/main/scala/funsets/Main.scala
WARN  no build target for: /run/media/tharwat-manjaro/Linux-Data/Labs/Labs/Scala/lab2/funset/src/main/scala/funsets/FunSets.scala
INFO  no build target: using presentation compiler with only scala-library
something's wrong: no file:///run/media/tharwat-manjaro/Linux-Data/Labs/Labs/Scala/lab2/funset/src/main/scala/funsets/FunSets.scala in Int => BooleanRangePosition(file:///run/media/tharwat-manjaro/Linux-Data/Labs/Labs/Scala/lab2/funset/src/main/scala/funsets/FunSets.scala, 190, 194, 204)
Feb 24, 2020 12:45:16 PM org.eclipse.lsp4j.jsonrpc.services.GenericEndpoint notify
INFO: Unsupported notification method: $/setTraceNotification
Feb 24, 2020 12:45:27 PM org.eclipse.lsp4j.jsonrpc.services.GenericEndpoint notify
INFO: Unsupported notification method: $/setTraceNotification
WARN  no build target for: /run/media/tharwat-manjaro/Linux-Data/Labs/Labs/Scala/lab2/recfun/src/main/scala/recfun/Main.scala
WARN  no build target for: /run/media/tharwat-manjaro/Linux-Data/Labs/Labs/Scala/lab2/funset/src/main/scala/funsets/FunSets.scala
Feb 24, 2020 12:56:43 PM org.eclipse.lsp4j.jsonrpc.RemoteEndpoint handleCancellation
WARNING: Unmatched cancel notification for request id 202
WARN  no build target for: /run/media/tharwat-manjaro/Linux-Data/Labs/Labs/Scala/lab2/funset/src/main/scala/funsets/FunSets.scala
WARN  no build target for: /run/media/tharwat-manjaro/Linux-Data/Labs/Labs/Scala/lab2/funset/src/main/scala/funsets/FunSets.scala
WARN  no build tool detected in workspace '/run/media/tharwat-manjaro/Linux-Data/Labs'. The most common cause for this problem is that the editor was opened in the wrong working directory, for example if you use sbt then the workspace directory should contain build.sbt. 
WARN  no build tool detected in workspace '/run/media/tharwat-manjaro/Linux-Data/Labs'. The most common cause for this problem is that the editor was opened in the wrong working directory, for example if you use sbt then the workspace directory should contain build.sbt. 
WARN  no build tool detected in workspace '/run/media/tharwat-manjaro/Linux-Data/Labs'. The most common cause for this problem is that the editor was opened in the wrong working directory, for example if you use sbt then the workspace directory should contain build.sbt. 
WARN  no build tool detected in workspace '/run/media/tharwat-manjaro/Linux-Data/Labs'. The most common cause for this problem is that the editor was opened in the wrong working directory, for example if you use sbt then the workspace directory should contain build.sbt. 
WARN  no build target for: /run/media/tharwat-manjaro/Linux-Data/Labs/Labs/Scala/lab2/funset/src/main/scala/funsets/FunSets.scala
WARN  no build target for: /run/media/tharwat-manjaro/Linux-Data/Labs/Labs/Scala/lab2/funset/src/main/scala/funsets/Main.scala
WARN  no build target for: /run/media/tharwat-manjaro/Linux-Data/Labs/Labs/Scala/lab2/funset/src/main/scala/funsets/Main.scala
WARN  no build target for: /run/media/tharwat-manjaro/Linux-Data/Labs/Labs/Scala/lab2/funset/src/main/scala/funsets/Main.scala
WARN  no build target for: /run/media/tharwat-manjaro/Linux-Data/Labs/Labs/Scala/lab2/funset/src/main/scala/funsets/Main.scala
WARN  no build tool detected in workspace '/run/media/tharwat-manjaro/Linux-Data/Labs'. The most common cause for this problem is that the editor was opened in the wrong working directory, for example if you use sbt then the workspace directory should contain build.sbt. 
WARN  no build tool detected in workspace '/run/media/tharwat-manjaro/Linux-Data/Labs'. The most common cause for this problem is that the editor was opened in the wrong working directory, for example if you use sbt then the workspace directory should contain build.sbt. 
WARN  no build tool detected in workspace '/run/media/tharwat-manjaro/Linux-Data/Labs'. The most common cause for this problem is that the editor was opened in the wrong working directory, for example if you use sbt then the workspace directory should contain build.sbt. 
WARN  no build tool detected in workspace '/run/media/tharwat-manjaro/Linux-Data/Labs'. The most common cause for this problem is that the editor was opened in the wrong working directory, for example if you use sbt then the workspace directory should contain build.sbt. 
something's wrong: no file:///run/media/tharwat-manjaro/Linux-Data/Labs/Labs/Scala/lab2/funset/src/main/scala/funsets/FunSets.scala in Int => BooleanRangePosition(file:///run/media/tharwat-manjaro/Linux-Data/Labs/Labs/Scala/lab2/funset/src/main/scala/funsets/FunSets.scala, 190, 194, 204)
something's wrong: no file:///run/media/tharwat-manjaro/Linux-Data/Labs/Labs/Scala/lab2/funset/src/main/scala/funsets/FunSets.scala in Int => BooleanRangePosition(file:///run/media/tharwat-manjaro/Linux-Data/Labs/Labs/Scala/lab2/funset/src/main/scala/funsets/FunSets.scala, 190, 194, 204)
something's wrong: no file:///run/media/tharwat-manjaro/Linux-Data/Labs/Labs/Scala/lab2/funset/src/main/scala/funsets/FunSets.scala in Int => BooleanRangePosition(file:///run/media/tharwat-manjaro/Linux-Data/Labs/Labs/Scala/lab2/funset/src/main/scala/funsets/FunSets.scala, 190, 194, 204)
WARN  no build target for: /run/media/tharwat-manjaro/Linux-Data/Labs/Labs/Scala/lab2/funset/src/main/scala/funsets/FunSets.scala
WARN  no build tool detected in workspace '/run/media/tharwat-manjaro/Linux-Data/Labs'. The most common cause for this problem is that the editor was opened in the wrong working directory, for example if you use sbt then the workspace directory should contain build.sbt. 
WARN  no build tool detected in workspace '/run/media/tharwat-manjaro/Linux-Data/Labs'. The most common cause for this problem is that the editor was opened in the wrong working directory, for example if you use sbt then the workspace directory should contain build.sbt. 
WARN  no build tool detected in workspace '/run/media/tharwat-manjaro/Linux-Data/Labs'. The most common cause for this problem is that the editor was opened in the wrong working directory, for example if you use sbt then the workspace directory should contain build.sbt. 
WARN  no build tool detected in workspace '/run/media/tharwat-manjaro/Linux-Data/Labs'. The most common cause for this problem is that the editor was opened in the wrong working directory, for example if you use sbt then the workspace directory should contain build.sbt. 
WARN  no build target for: /run/media/tharwat-manjaro/Linux-Data/Labs/Labs/Scala/lab2/funset/src/main/scala/funsets/FunSets.scala
WARN  no build tool detected in workspace '/run/media/tharwat-manjaro/Linux-Data/Labs'. The most common cause for this problem is that the editor was opened in the wrong working directory, for example if you use sbt then the workspace directory should contain build.sbt. 
WARN  no build tool detected in workspace '/run/media/tharwat-manjaro/Linux-Data/Labs'. The most common cause for this problem is that the editor was opened in the wrong working directory, for example if you use sbt then the workspace directory should contain build.sbt. 
WARN  no build target for: /run/media/tharwat-manjaro/Linux-Data/Labs/Labs/Scala/lab2/funset/src/main/scala/funsets/FunSets.scala
WARN  no build target for: /run/media/tharwat-manjaro/Linux-Data/Labs/Labs/Scala/lab2/funset/src/main/scala/funsets/FunSets.scala
WARN  no build target for: /run/media/tharwat-manjaro/Linux-Data/Labs/Labs/Scala/lab2/funset/src/main/scala/funsets/FunSets.scala
WARN  no build target for: /run/media/tharwat-manjaro/Linux-Data/Labs/Labs/Scala/lab2/funset/src/main/scala/funsets/FunSets.scala
WARN  no build target for: /run/media/tharwat-manjaro/Linux-Data/Labs/Labs/Scala/lab2/funset/src/main/scala/funsets/Main.scala
WARN  no build target for: /run/media/tharwat-manjaro/Linux-Data/Labs/Labs/Scala/lab2/funset/src/main/scala/funsets/Main.scala
WARN  no build target for: /run/media/tharwat-manjaro/Linux-Data/Labs/Labs/Scala/lab2/funset/src/main/scala/funsets/Main.scala
WARN  no build target for: /run/media/tharwat-manjaro/Linux-Data/Labs/Labs/Scala/lab2/funset/src/main/scala/funsets/Main.scala
WARN  no build target for: /run/media/tharwat-manjaro/Linux-Data/Labs/Labs/Scala/lab2/funset/src/main/scala/funsets/Main.scala
WARN  no build tool detected in workspace '/run/media/tharwat-manjaro/Linux-Data/Labs'. The most common cause for this problem is that the editor was opened in the wrong working directory, for example if you use sbt then the workspace directory should contain build.sbt. 
WARN  no build tool detected in workspace '/run/media/tharwat-manjaro/Linux-Data/Labs'. The most common cause for this problem is that the editor was opened in the wrong working directory, for example if you use sbt then the workspace directory should contain build.sbt. 
WARN  no build target for: /run/media/tharwat-manjaro/Linux-Data/Labs/Labs/Scala/lab2/funset/src/main/scala/funsets/Main.scala
WARN  no build tool detected in workspace '/run/media/tharwat-manjaro/Linux-Data/Labs'. The most common cause for this problem is that the editor was opened in the wrong working directory, for example if you use sbt then the workspace directory should contain build.sbt. 
WARN  no build tool detected in workspace '/run/media/tharwat-manjaro/Linux-Data/Labs'. The most common cause for this problem is that the editor was opened in the wrong working directory, for example if you use sbt then the workspace directory should contain build.sbt. 
WARN  no build tool detected in workspace '/run/media/tharwat-manjaro/Linux-Data/Labs'. The most common cause for this problem is that the editor was opened in the wrong working directory, for example if you use sbt then the workspace directory should contain build.sbt. 
WARN  no build tool detected in workspace '/run/media/tharwat-manjaro/Linux-Data/Labs'. The most common cause for this problem is that the editor was opened in the wrong working directory, for example if you use sbt then the workspace directory should contain build.sbt. 
WARN  no build target for: /run/media/tharwat-manjaro/Linux-Data/Labs/Labs/Scala/lab2/funset/src/main/scala/funsets/FunSets.scala
WARN  no build tool detected in workspace '/run/media/tharwat-manjaro/Linux-Data/Labs'. The most common cause for this problem is that the editor was opened in the wrong working directory, for example if you use sbt then the workspace directory should contain build.sbt. 
WARN  no build tool detected in workspace '/run/media/tharwat-manjaro/Linux-Data/Labs'. The most common cause for this problem is that the editor was opened in the wrong working directory, for example if you use sbt then the workspace directory should contain build.sbt. 
WARN  no build tool detected in workspace '/run/media/tharwat-manjaro/Linux-Data/Labs'. The most common cause for this problem is that the editor was opened in the wrong working directory, for example if you use sbt then the workspace directory should contain build.sbt. 
WARN  no build tool detected in workspace '/run/media/tharwat-manjaro/Linux-Data/Labs'. The most common cause for this problem is that the editor was opened in the wrong working directory, for example if you use sbt then the workspace directory should contain build.sbt. 
WARN  no build tool detected in workspace '/run/media/tharwat-manjaro/Linux-Data/Labs'. The most common cause for this problem is that the editor was opened in the wrong working directory, for example if you use sbt then the workspace directory should contain build.sbt. 
WARN  no build tool detected in workspace '/run/media/tharwat-manjaro/Linux-Data/Labs'. The most common cause for this problem is that the editor was opened in the wrong working directory, for example if you use sbt then the workspace directory should contain build.sbt. 
WARN  no build tool detected in workspace '/run/media/tharwat-manjaro/Linux-Data/Labs'. The most common cause for this problem is that the editor was opened in the wrong working directory, for example if you use sbt then the workspace directory should contain build.sbt. 
WARN  no build tool detected in workspace '/run/media/tharwat-manjaro/Linux-Data/Labs'. The most common cause for this problem is that the editor was opened in the wrong working directory, for example if you use sbt then the workspace directory should contain build.sbt. 
WARN  no build target for: /run/media/tharwat-manjaro/Linux-Data/Labs/Labs/Scala/lab2/funset/src/main/scala/funsets/FunSets.scala
WARN  no build tool detected in workspace '/run/media/tharwat-manjaro/Linux-Data/Labs'. The most common cause for this problem is that the editor was opened in the wrong working directory, for example if you use sbt then the workspace directory should contain build.sbt. 
WARN  no build tool detected in workspace '/run/media/tharwat-manjaro/Linux-Data/Labs'. The most common cause for this problem is that the editor was opened in the wrong working directory, for example if you use sbt then the workspace directory should contain build.sbt. 
WARN  no build tool detected in workspace '/run/media/tharwat-manjaro/Linux-Data/Labs'. The most common cause for this problem is that the editor was opened in the wrong working directory, for example if you use sbt then the workspace directory should contain build.sbt. 
WARN  no build tool detected in workspace '/run/media/tharwat-manjaro/Linux-Data/Labs'. The most common cause for this problem is that the editor was opened in the wrong working directory, for example if you use sbt then the workspace directory should contain build.sbt. 
WARN  no build target for: /run/media/tharwat-manjaro/Linux-Data/Labs/Labs/Scala/lab2/funset/src/main/scala/funsets/Main.scala
WARN  no build target for: /run/media/tharwat-manjaro/Linux-Data/Labs/Labs/Scala/lab2/funset/src/main/scala/funsets/Main.scala
WARN  no build target for: /run/media/tharwat-manjaro/Linux-Data/Labs/Labs/Scala/lab2/funset/src/main/scala/funsets/FunSets.scala
WARN  no build target for: /run/media/tharwat-manjaro/Linux-Data/Labs/Labs/Scala/lab2/funset/src/main/scala/funsets/FunSets.scala
WARN  no build target for: /run/media/tharwat-manjaro/Linux-Data/Labs/Labs/Scala/lab2/funset/src/main/scala/funsets/FunSets.scala
WARN  no build target for: /run/media/tharwat-manjaro/Linux-Data/Labs/Labs/Scala/lab2/funset/src/main/scala/funsets/FunSets.scala
WARN  no build target for: /run/media/tharwat-manjaro/Linux-Data/Labs/Labs/Scala/lab2/funset/src/main/scala/funsets/FunSets.scala
INFO  shutting down Metals
INFO  started: Metals version 0.8.0 in workspace '/run/media/tharwat-manjaro/Linux-Data/Labs'
INFO  time: initialize in 0.33s
WARN  no build tool detected in workspace '/run/media/tharwat-manjaro/Linux-Data/Labs'. The most common cause for this problem is that the editor was opened in the wrong working directory, for example if you use sbt then the workspace directory should contain build.sbt. 
WARN  no build target for: /run/media/tharwat-manjaro/Linux-Data/Labs/Labs/Scala/lab2/funset/src/main/scala/funsets/FunSets.scala
WARN  no build target for: /run/media/tharwat-manjaro/Linux-Data/Labs/Labs/Scala/lab2/funset/src/main/scala/funsets/Main.scala
WARN  no build target for: /run/media/tharwat-manjaro/Linux-Data/Labs/Labs/Scala/lab2/funset/src/main/scala/funsets/FunSets.scala
WARN  no build target for: /run/media/tharwat-manjaro/Linux-Data/Labs/Labs/Scala/lab2/funset/src/main/scala/funsets/Main.scala
INFO  no build target: using presentation compiler with only scala-library
Feb 26, 2020 1:04:09 PM org.eclipse.lsp4j.jsonrpc.RemoteEndpoint handleCancellation
WARNING: Unmatched cancel notification for request id 322
WARN  no build target for: /run/media/tharwat-manjaro/Linux-Data/Labs/Labs/Scala/lab4/objsets/src/main/scala/objsets/TweetData.scala
WARN  no build target for: /run/media/tharwat-manjaro/Linux-Data/Labs/Labs/Scala/lab4/objsets/src/main/scala/objsets/TweetReader.scala
WARN  no build target for: /run/media/tharwat-manjaro/Linux-Data/Labs/Labs/Scala/lab4/objsets/src/main/scala/objsets/TweetSet.scala
something's wrong: no file:///run/media/tharwat-manjaro/Linux-Data/Labs/Labs/Scala/lab4/objsets/src/main/scala/objsets/TweetSet.scala in objsets.Tweet => BooleanRangePosition(file:///run/media/tharwat-manjaro/Linux-Data/Labs/Labs/Scala/lab4/objsets/src/main/scala/objsets/TweetSet.scala, 1627, 1633, 1643)
WARN  no build target for: /run/media/tharwat-manjaro/Linux-Data/Labs/Labs/Scala/lab2/funset/src/main/scala/funsets/FunSets.scala
Feb 26, 2020 1:35:29 PM org.eclipse.lsp4j.jsonrpc.RemoteEndpoint handleCancellation
WARNING: Unmatched cancel notification for request id 1122
WARN  no build target for: /run/media/tharwat-manjaro/Linux-Data/Labs/Labs/Scala/lab2/funset/src/main/scala/funsets/Main.scala
WARN  no build target for: /run/media/tharwat-manjaro/Linux-Data/Labs/Labs/Scala/lab2/funset/src/main/scala/funsets/Main.scala
Feb 26, 2020 1:35:54 PM scala.meta.internal.pc.CompletionProvider expected$1
WARNING: String index out of range: -1
Feb 26, 2020 1:35:58 PM scala.meta.internal.pc.CompletionProvider expected$1
WARNING: String index out of range: -1
WARN  no build target for: /run/media/tharwat-manjaro/Linux-Data/Labs/Labs/Scala/lab2/funset/src/main/scala/funsets/Main.scala
WARN  no build target for: /run/media/tharwat-manjaro/Linux-Data/Labs/Labs/Scala/lab2/funset/src/main/scala/funsets/Main.scala
WARN  no build tool detected in workspace '/run/media/tharwat-manjaro/Linux-Data/Labs'. The most common cause for this problem is that the editor was opened in the wrong working directory, for example if you use sbt then the workspace directory should contain build.sbt. 
WARN  no build tool detected in workspace '/run/media/tharwat-manjaro/Linux-Data/Labs'. The most common cause for this problem is that the editor was opened in the wrong working directory, for example if you use sbt then the workspace directory should contain build.sbt. 
WARN  no build tool detected in workspace '/run/media/tharwat-manjaro/Linux-Data/Labs'. The most common cause for this problem is that the editor was opened in the wrong working directory, for example if you use sbt then the workspace directory should contain build.sbt. 
WARN  no build tool detected in workspace '/run/media/tharwat-manjaro/Linux-Data/Labs'. The most common cause for this problem is that the editor was opened in the wrong working directory, for example if you use sbt then the workspace directory should contain build.sbt. 
WARN  no build target for: /run/media/tharwat-manjaro/Linux-Data/Labs/Labs/Scala/lab2/funset/src/main/scala/funsets/Main.scala
WARN  no build target for: /run/media/tharwat-manjaro/Linux-Data/Labs/Labs/Scala/lab2/recfun/src/main/scala/recfun/Main.scala
INFO  started: Metals version 0.8.0 in workspace '/run/media/tharwat-manjaro/Linux-Data/Labs'
INFO  time: initialize in 0.71s
WARN  no build tool detected in workspace '/run/media/tharwat-manjaro/Linux-Data/Labs'. The most common cause for this problem is that the editor was opened in the wrong working directory, for example if you use sbt then the workspace directory should contain build.sbt. 
WARN  no build target for: /run/media/tharwat-manjaro/Linux-Data/Labs/Labs/Scala/lab2/recfun/src/main/scala/recfun/Main.scala
INFO  no build target: using presentation compiler with only scala-library
something's wrong: no file:///run/media/tharwat-manjaro/Linux-Data/Labs/Labs/Scala/lab2/recfun/src/main/scala/recfun/Main.scala in List[Char]RangePosition(file:///run/media/tharwat-manjaro/Linux-Data/Labs/Labs/Scala/lab2/recfun/src/main/scala/recfun/Main.scala, 463, 463, 473)
Feb 26, 2020 2:19:26 PM org.eclipse.lsp4j.jsonrpc.RemoteEndpoint handleCancellation
WARNING: Unmatched cancel notification for request id 240
something's wrong: no file:///run/media/tharwat-manjaro/Linux-Data/Labs/Labs/Scala/lab2/recfun/src/main/scala/recfun/Main.scala in List[Int]RangePosition(file:///run/media/tharwat-manjaro/Linux-Data/Labs/Labs/Scala/lab2/recfun/src/main/scala/recfun/Main.scala, 561, 561, 570)
something's wrong: no file:///run/media/tharwat-manjaro/Linux-Data/Labs/Labs/Scala/lab2/recfun/src/main/scala/recfun/Main.scala in List[Char]RangePosition(file:///run/media/tharwat-manjaro/Linux-Data/Labs/Labs/Scala/lab2/recfun/src/main/scala/recfun/Main.scala, 463, 463, 473)
WARN  no build target for: /run/media/tharwat-manjaro/Linux-Data/Labs/Labs/Scala/lab4/objsets/src/main/scala/objsets/TweetSet.scala
WARN  no build target for: /run/media/tharwat-manjaro/Linux-Data/Labs/Labs/Scala/lab4/objsets/src/main/scala/objsets/TweetReader.scala
INFO  shutting down Metals
INFO  started: Metals version 0.8.0 in workspace '/run/media/tharwat-manjaro/Linux-Data/Labs'
INFO  time: initialize in 0.59s
WARN  no build tool detected in workspace '/run/media/tharwat-manjaro/Linux-Data/Labs'. The most common cause for this problem is that the editor was opened in the wrong working directory, for example if you use sbt then the workspace directory should contain build.sbt. 
WARN  no build target for: /run/media/tharwat-manjaro/Linux-Data/Labs/Labs/Scala/lab4/objsets/src/main/scala/objsets/TweetSet.scala
WARN  no build target for: /run/media/tharwat-manjaro/Linux-Data/Labs/Labs/Scala/lab2/recfun/src/main/scala/recfun/Main.scala
WARN  no build target for: /run/media/tharwat-manjaro/Linux-Data/Labs/Labs/Scala/lab2/recfun/src/main/scala/recfun/Main.scala
WARN  no build target for: /run/media/tharwat-manjaro/Linux-Data/Labs/Labs/Scala/lab2/funset/src/main/scala/funsets/Main.scala
WARN  no build target for: /run/media/tharwat-manjaro/Linux-Data/Labs/Labs/Scala/lab2/funset/src/main/scala/funsets/FunSets.scala
WARN  no build target for: /home/tharwat-manjaro/git/rock-the-jvm-scala-beginners/src/playground/ScalaPlayground.scala
INFO  no build target: using presentation compiler with only scala-library
WARN  no build target for: /run/media/tharwat-manjaro/Linux-Data/Labs/Labs/Scala/lab2/recfun/src/main/scala/recfun/Main.scala
WARN  no build target for: /run/media/tharwat-manjaro/Linux-Data/Labs/Labs/Scala/lab2/recfun/src/main/scala/recfun/Main.scala
WARN  no build target for: /home/tharwat-manjaro/git/rock-the-jvm-scala-beginners/src/playground/ScalaPlayground.scala
WARN  no build target for: /home/tharwat-manjaro/git/rock-the-jvm-scala-beginners/src/playground/ScalaPlayground.scala
Feb 26, 2020 7:56:30 PM org.eclipse.lsp4j.jsonrpc.services.GenericEndpoint notify
INFO: Unsupported notification method: $/setTraceNotification
Feb 26, 2020 7:57:24 PM org.eclipse.lsp4j.jsonrpc.services.GenericEndpoint notify
INFO: Unsupported notification method: $/setTraceNotification
Feb 26, 2020 7:57:38 PM org.eclipse.lsp4j.jsonrpc.services.GenericEndpoint notify
INFO: Unsupported notification method: $/setTraceNotification
Feb 26, 2020 7:58:16 PM org.eclipse.lsp4j.jsonrpc.services.GenericEndpoint notify
INFO: Unsupported notification method: $/setTraceNotification
Feb 26, 2020 7:58:16 PM org.eclipse.lsp4j.jsonrpc.services.GenericEndpoint notify
INFO: Unsupported notification method: $/setTraceNotification
Feb 26, 2020 7:58:17 PM org.eclipse.lsp4j.jsonrpc.services.GenericEndpoint notify
INFO: Unsupported notification method: $/setTraceNotification
Feb 26, 2020 7:58:17 PM org.eclipse.lsp4j.jsonrpc.services.GenericEndpoint notify
INFO: Unsupported notification method: $/setTraceNotification
Feb 26, 2020 7:58:17 PM org.eclipse.lsp4j.jsonrpc.services.GenericEndpoint notify
INFO: Unsupported notification method: $/setTraceNotification
INFO  shutting down Metals
INFO  started: Metals version 0.8.0 in workspace '/run/media/tharwat-manjaro/Linux-Data/Labs'
INFO  time: initialize in 0.87s
WARN  no build tool detected in workspace '/run/media/tharwat-manjaro/Linux-Data/Labs'. The most common cause for this problem is that the editor was opened in the wrong working directory, for example if you use sbt then the workspace directory should contain build.sbt. 
WARN  no build target for: /home/tharwat-manjaro/git/rock-the-jvm-scala-beginners/src/playground/ScalaPlayground.scala
INFO  no build target: using presentation compiler with only scala-library
Feb 26, 2020 8:11:43 PM org.eclipse.lsp4j.jsonrpc.services.GenericEndpoint notify
INFO: Unsupported notification method: $/setTraceNotification
WARN  no build target for: /home/tharwat-manjaro/git/rock-the-jvm-scala-beginners/src/playground/ScalaPlayground.scala
WARN  no build target for: /home/tharwat-manjaro/git/rock-the-jvm-scala-beginners/src/playground/ScalaPlayground.scala
WARN  no build target for: /home/tharwat-manjaro/git/rock-the-jvm-scala-beginners/src/playground/ScalaPlayground.scala
WARN  no build target for: /home/tharwat-manjaro/git/rock-the-jvm-scala-beginners/src/playground/ScalaPlayground.scala
WARN  no build target for: /home/tharwat-manjaro/git/rock-the-jvm-scala-beginners/src/playground/ScalaPlayground.scala
WARN  no build tool detected in workspace '/run/media/tharwat-manjaro/Linux-Data/Labs'. The most common cause for this problem is that the editor was opened in the wrong working directory, for example if you use sbt then the workspace directory should contain build.sbt. 
WARN  no build tool detected in workspace '/run/media/tharwat-manjaro/Linux-Data/Labs'. The most common cause for this problem is that the editor was opened in the wrong working directory, for example if you use sbt then the workspace directory should contain build.sbt. 
Feb 26, 2020 9:37:42 PM org.eclipse.lsp4j.jsonrpc.services.GenericEndpoint notify
INFO: Unsupported notification method: $/setTraceNotification
Feb 26, 2020 9:38:06 PM org.eclipse.lsp4j.jsonrpc.services.GenericEndpoint notify
INFO: Unsupported notification method: $/setTraceNotification
Feb 26, 2020 9:38:09 PM org.eclipse.lsp4j.jsonrpc.services.GenericEndpoint notify
INFO: Unsupported notification method: $/setTraceNotification
Feb 26, 2020 9:38:12 PM org.eclipse.lsp4j.jsonrpc.services.GenericEndpoint notify
INFO: Unsupported notification method: $/setTraceNotification
Feb 26, 2020 9:38:27 PM org.eclipse.lsp4j.jsonrpc.services.GenericEndpoint notify
INFO: Unsupported notification method: $/setTraceNotification
INFO  shutting down Metals
INFO  started: Metals version 0.8.0 in workspace '/run/media/tharwat-manjaro/Linux-Data/Labs'
INFO  time: initialize in 1.06s
WARN  no build tool detected in workspace '/run/media/tharwat-manjaro/Linux-Data/Labs'. The most common cause for this problem is that the editor was opened in the wrong working directory, for example if you use sbt then the workspace directory should contain build.sbt. 
WARN  no build target for: /run/media/tharwat-manjaro/Linux-Data/Labs/Labs/Scala/lab2/funset/src/main/scala/funsets/FunSets.scala
Feb 27, 2020 12:53:22 AM org.eclipse.lsp4j.jsonrpc.RemoteEndpoint handleCancellation
WARNING: Unmatched cancel notification for request id 1
WARN  no build target for: /run/media/tharwat-manjaro/Linux-Data/Labs/Labs/Scala/lab2/funset/src/main/scala/funsets/Main.scala
INFO  no build target: using presentation compiler with only scala-library
Feb 27, 2020 12:55:13 AM org.eclipse.lsp4j.jsonrpc.RemoteEndpoint handleCancellation
WARNING: Unmatched cancel notification for request id 24
Feb 27, 2020 12:55:13 AM org.eclipse.lsp4j.jsonrpc.RemoteEndpoint handleCancellation
WARNING: Unmatched cancel notification for request id 25
WARN  no build target for: /run/media/tharwat-manjaro/Linux-Data/Labs/Labs/Scala/lab4/objsets/src/main/scala/objsets/TweetSet.scala
WARN  no build target for: /run/media/tharwat-manjaro/Linux-Data/Labs/Labs/Scala/lab4/objsets/src/main/scala/objsets/TweetSet.scala
WARN  no build tool detected in workspace '/run/media/tharwat-manjaro/Linux-Data/Labs'. The most common cause for this problem is that the editor was opened in the wrong working directory, for example if you use sbt then the workspace directory should contain build.sbt. 
WARN  no build tool detected in workspace '/run/media/tharwat-manjaro/Linux-Data/Labs'. The most common cause for this problem is that the editor was opened in the wrong working directory, for example if you use sbt then the workspace directory should contain build.sbt. 
WARN  no build target for: /run/media/tharwat-manjaro/Linux-Data/Labs/Labs/Scala/lab2/funset/src/main/scala/funsets/FunSets.scala
WARN  no build target for: /run/media/tharwat-manjaro/Linux-Data/Labs/Labs/Scala/lab4/objsets/src/main/scala/objsets/TweetSet.scala
WARN  no build target for: /run/media/tharwat-manjaro/Linux-Data/Labs/Labs/Scala/lab4/objsets/src/main/scala/objsets/TweetSet.scala
WARN  no build tool detected in workspace '/run/media/tharwat-manjaro/Linux-Data/Labs'. The most common cause for this problem is that the editor was opened in the wrong working directory, for example if you use sbt then the workspace directory should contain build.sbt. 
WARN  no build tool detected in workspace '/run/media/tharwat-manjaro/Linux-Data/Labs'. The most common cause for this problem is that the editor was opened in the wrong working directory, for example if you use sbt then the workspace directory should contain build.sbt. 
WARN  no build tool detected in workspace '/run/media/tharwat-manjaro/Linux-Data/Labs'. The most common cause for this problem is that the editor was opened in the wrong working directory, for example if you use sbt then the workspace directory should contain build.sbt. 
WARN  no build tool detected in workspace '/run/media/tharwat-manjaro/Linux-Data/Labs'. The most common cause for this problem is that the editor was opened in the wrong working directory, for example if you use sbt then the workspace directory should contain build.sbt. 
WARN  no build tool detected in workspace '/run/media/tharwat-manjaro/Linux-Data/Labs'. The most common cause for this problem is that the editor was opened in the wrong working directory, for example if you use sbt then the workspace directory should contain build.sbt. 
WARN  no build tool detected in workspace '/run/media/tharwat-manjaro/Linux-Data/Labs'. The most common cause for this problem is that the editor was opened in the wrong working directory, for example if you use sbt then the workspace directory should contain build.sbt. 
WARN  no build target for: /run/media/tharwat-manjaro/Linux-Data/Labs/Labs/Scala/lab4/objsets/src/main/scala/objsets/TweetSet.scala
WARN  no build tool detected in workspace '/run/media/tharwat-manjaro/Linux-Data/Labs'. The most common cause for this problem is that the editor was opened in the wrong working directory, for example if you use sbt then the workspace directory should contain build.sbt. 
WARN  no build tool detected in workspace '/run/media/tharwat-manjaro/Linux-Data/Labs'. The most common cause for this problem is that the editor was opened in the wrong working directory, for example if you use sbt then the workspace directory should contain build.sbt. 
Feb 27, 2020 1:07:27 AM org.eclipse.lsp4j.jsonrpc.RemoteEndpoint handleCancellation
WARNING: Unmatched cancel notification for request id 433
INFO  started: Metals version 0.8.0 in workspace '/run/media/tharwat-manjaro/Linux-Data/Labs'
INFO  time: initialize in 0.99s
WARN  no build tool detected in workspace '/run/media/tharwat-manjaro/Linux-Data/Labs'. The most common cause for this problem is that the editor was opened in the wrong working directory, for example if you use sbt then the workspace directory should contain build.sbt. 
WARN  no build target for: /run/media/tharwat-manjaro/Linux-Data/Labs/Labs/Scala/lab4/objsets/src/main/scala/objsets/TweetSet.scala
INFO  started: Metals version 0.8.1 in workspace '/run/media/tharwat-manjaro/Linux-Data/Labs'
INFO  time: initialize in 0.35s
WARN  no build tool detected in workspace '/run/media/tharwat-manjaro/Linux-Data/Labs'. The most common cause for this problem is that the editor was opened in the wrong working directory, for example if you use sbt then the workspace directory should contain build.sbt. 
WARN  no build target for: /run/media/tharwat-manjaro/Linux-Data/Labs/Labs/Scala/lab4/objsets/src/main/scala/objsets/TweetSet.scala
INFO  no build target: using presentation compiler with only scala-library
WARN  no build target for: /run/media/tharwat-manjaro/Linux-Data/Labs/Labs/Scala/lab2/funset/src/main/scala/funsets/FunSets.scala
WARN  no build target for: /run/media/tharwat-manjaro/Linux-Data/Labs/Labs/Scala/lab2/funset/src/main/scala/funsets/Main.scala
WARN  no build target for: /run/media/tharwat-manjaro/Linux-Data/Labs/Labs/Scala/lab2/funset/src/main/scala/funsets/Main.scala
WARN  no build tool detected in workspace '/run/media/tharwat-manjaro/Linux-Data/Labs'. The most common cause for this problem is that the editor was opened in the wrong working directory, for example if you use sbt then the workspace directory should contain build.sbt. 
WARN  no build tool detected in workspace '/run/media/tharwat-manjaro/Linux-Data/Labs'. The most common cause for this problem is that the editor was opened in the wrong working directory, for example if you use sbt then the workspace directory should contain build.sbt. 
WARN  no build target for: /run/media/tharwat-manjaro/Linux-Data/Labs/Labs/Scala/lab2/funset/src/main/scala/funsets/Main.scala
WARN  no build target for: /run/media/tharwat-manjaro/Linux-Data/Labs/Labs/Scala/lab2/funset/src/main/scala/funsets/Main.scala
WARN  no build target for: /run/media/tharwat-manjaro/Linux-Data/Labs/Labs/Scala/lab2/funset/src/main/scala/funsets/Main.scala
WARN  no build tool detected in workspace '/run/media/tharwat-manjaro/Linux-Data/Labs'. The most common cause for this problem is that the editor was opened in the wrong working directory, for example if you use sbt then the workspace directory should contain build.sbt. 
WARN  no build tool detected in workspace '/run/media/tharwat-manjaro/Linux-Data/Labs'. The most common cause for this problem is that the editor was opened in the wrong working directory, for example if you use sbt then the workspace directory should contain build.sbt. 
WARN  no build target for: /run/media/tharwat-manjaro/Linux-Data/Labs/Labs/Scala/lab2/funset/src/main/scala/funsets/Main.scala
WARN  no build target for: /run/media/tharwat-manjaro/Linux-Data/Labs/Labs/Scala/lab2/funset/src/main/scala/funsets/Main.scala
WARN  no build tool detected in workspace '/run/media/tharwat-manjaro/Linux-Data/Labs'. The most common cause for this problem is that the editor was opened in the wrong working directory, for example if you use sbt then the workspace directory should contain build.sbt. 
WARN  no build tool detected in workspace '/run/media/tharwat-manjaro/Linux-Data/Labs'. The most common cause for this problem is that the editor was opened in the wrong working directory, for example if you use sbt then the workspace directory should contain build.sbt. 
WARN  no build tool detected in workspace '/run/media/tharwat-manjaro/Linux-Data/Labs'. The most common cause for this problem is that the editor was opened in the wrong working directory, for example if you use sbt then the workspace directory should contain build.sbt. 
WARN  no build tool detected in workspace '/run/media/tharwat-manjaro/Linux-Data/Labs'. The most common cause for this problem is that the editor was opened in the wrong working directory, for example if you use sbt then the workspace directory should contain build.sbt. 
WARN  no build target for: /run/media/tharwat-manjaro/Linux-Data/Labs/Labs/Scala/lab2/funset/src/main/scala/funsets/Main.scala
WARN  no build target for: /run/media/tharwat-manjaro/Linux-Data/Labs/Labs/Scala/lab2/funset/src/main/scala/funsets/Main.scala
WARN  no build target for: /run/media/tharwat-manjaro/Linux-Data/Labs/Labs/Scala/lab2/funset/src/main/scala/funsets/Main.scala
WARN  no build target for: /run/media/tharwat-manjaro/Linux-Data/Labs/Labs/Scala/lab2/funset/src/main/scala/funsets/Main.scala
WARN  no build target for: /run/media/tharwat-manjaro/Linux-Data/Labs/Labs/Scala/lab2/funset/src/main/scala/funsets/Main.scala
WARN  no build target for: /run/media/tharwat-manjaro/Linux-Data/Labs/Labs/Scala/lab2/funset/src/main/scala/funsets/Main.scala
WARN  no build target for: /run/media/tharwat-manjaro/Linux-Data/Labs/Labs/Scala/lab2/funset/src/main/scala/funsets/Main.scala
WARN  no build target for: /run/media/tharwat-manjaro/Linux-Data/Labs/Labs/Scala/lab2/funset/src/main/scala/funsets/Main.scala
WARN  no build tool detected in workspace '/run/media/tharwat-manjaro/Linux-Data/Labs'. The most common cause for this problem is that the editor was opened in the wrong working directory, for example if you use sbt then the workspace directory should contain build.sbt. 
WARN  no build tool detected in workspace '/run/media/tharwat-manjaro/Linux-Data/Labs'. The most common cause for this problem is that the editor was opened in the wrong working directory, for example if you use sbt then the workspace directory should contain build.sbt. 
WARN  no build target for: /run/media/tharwat-manjaro/Linux-Data/Labs/Labs/Scala/lab2/funset/src/main/scala/funsets/Main.scala
INFO  started: Metals version 0.8.1 in workspace '/run/media/tharwat-manjaro/Linux-Data/Labs'
INFO  time: initialize in 1.06s
WARN  no build tool detected in workspace '/run/media/tharwat-manjaro/Linux-Data/Labs'. The most common cause for this problem is that the editor was opened in the wrong working directory, for example if you use sbt then the workspace directory should contain build.sbt. 
WARN  no build target for: /run/media/tharwat-manjaro/Linux-Data/Labs/Labs/Scala/lab4/objsets/src/main/scala/objsets/TweetSet.scala
INFO  shutting down Metals
INFO  started: Metals version 0.8.1 in workspace '/run/media/tharwat-manjaro/Linux-Data/Labs'
INFO  time: initialize in 1.34s
WARN  no build target for: /run/media/tharwat-manjaro/Linux-Data/Labs/Labs/Scala/lab4/objsets/src/main/scala/objsets/TweetSet.scala
INFO  shutting down Metals
INFO  started: Metals version 0.8.1 in workspace '/run/media/tharwat-manjaro/Linux-Data/Labs'
INFO  time: initialize in 0.74s
WARN  no build tool detected in workspace '/run/media/tharwat-manjaro/Linux-Data/Labs'. The most common cause for this problem is that the editor was opened in the wrong working directory, for example if you use sbt then the workspace directory should contain build.sbt. 
WARN  no build target for: /run/media/tharwat-manjaro/Linux-Data/Labs/Labs/Scala/lab4/objsets/src/main/scala/objsets/TweetSet.scala
INFO  shutting down Metals
INFO  started: Metals version 0.8.1 in workspace '/run/media/tharwat-manjaro/Linux-Data/Labs'
INFO  time: initialize in 0.46s
WARN  no build tool detected in workspace '/run/media/tharwat-manjaro/Linux-Data/Labs'. The most common cause for this problem is that the editor was opened in the wrong working directory, for example if you use sbt then the workspace directory should contain build.sbt. 
INFO  shutting down Metals
